Arguments: 
  /Users/manjuladube/.nvm/versions/node/v8.9.4/bin/node /usr/local/bin/yarn add docz --dev

PATH: 
  /Users/manjuladube/.nvm/versions/node/v8.9.4/bin:/usr/local/bin:/usr/bin:/bin:/usr/sbin:/sbin

Yarn version: 
  0.21.3

Node version: 
  8.9.4

Platform: 
  darwin x64

npm manifest: 
  {
    "name": "awesome-graphql-docs",
    "version": "1.0.0",
    "description": "",
    "main": "index.js",
    "scripts": {
      "docz:dev": "docz dev",
      "docz:build": "docz build"
    },
    "repository": {
      "type": "git",
      "url": "git+https://github.com/awesome-graphql-space/awesome-graphql-docs.git"
    },
    "author": "",
    "license": "ISC",
    "bugs": {
      "url": "https://github.com/awesome-graphql-space/awesome-graphql-docs/issues"
    },
    "homepage": "https://github.com/awesome-graphql-space/awesome-graphql-docs#readme",
    "dependencies": {
      "docz": "^0.12.4"
    }
  }

yarn manifest: 
  No manifest

Lockfile: 
  No lockfile

Trace: 
  Error: EACCES: permission denied, unlink '/Users/manjuladube/Library/Caches/Yarn/npm-react-docgen-typescript-loader-3.0.0-4042e2854d29380e4d01e479d438c03ec00de8e8/.yarn-tarball.tgz'
